  ConfigurePasswordDialog.cpp
C:\Users\Gebruiker\source\repos\SimplePasswordManager\SimplePasswordManager\ConfigurePasswordDialog.cpp(17,16): warning C4244: 'initializing': conversion from 'INT_PTR' to 'int', possible loss of data
C:\Program Files\Microsoft Visual Studio\2022\Community\VC\Tools\MSVC\14.39.33519\include\xutility(4537,18): warning C4244: '=': conversion from 'const wchar_t' to 'char', possible loss of data
  (compiling source file 'ConfigurePasswordDialog.cpp')
  C:\Program Files\Microsoft Visual Studio\2022\Community\VC\Tools\MSVC\14.39.33519\include\xutility(4537,18):
  the template instantiation context (the oldest one first) is
  	C:\Users\Gebruiker\source\repos\SimplePasswordManager\SimplePasswordManager\ConfigurePasswordDialog.cpp(58,38):
  	see reference to function template instantiation 'std::basic_string<char,std::char_traits<char>,std::allocator<char>>::basic_string<std::_String_const_iterator<std::_String_val<std::_Simple_types<_Elem>>>,0>(_Iter,_Iter,const _Alloc &)' being compiled
          with
          [
              _Elem=wchar_t,
              _Iter=std::_String_const_iterator<std::_String_val<std::_Simple_types<wchar_t>>>,
              _Alloc=std::allocator<char>
          ]
  		C:\Users\Gebruiker\source\repos\SimplePasswordManager\SimplePasswordManager\ConfigurePasswordDialog.cpp(58,38):
  		see the first reference to 'std::basic_string<char,std::char_traits<char>,std::allocator<char>>::basic_string' in 'SaveNewPassword'
  	C:\Program Files\Microsoft Visual Studio\2022\Community\VC\Tools\MSVC\14.39.33519\include\xstring(2600,17):
  	see reference to function template instantiation 'void std::basic_string<char,std::char_traits<char>,std::allocator<char>>::_Construct_from_iter<const wchar_t*,const wchar_t*,_Size_type>(_Iter,const _Sent,_Size)' being compiled
          with
          [
              _Size_type=unsigned __int64,
              _Iter=const wchar_t *,
              _Sent=const wchar_t *,
              _Size=unsigned __int64
          ]
  	C:\Program Files\Microsoft Visual Studio\2022\Community\VC\Tools\MSVC\14.39.33519\include\xstring(2756,18):
  	see reference to function template instantiation '_OutIt *std::_Copy_n_unchecked4<const wchar_t*,_Size,char*>(_InIt,_SizeTy,_OutIt)' being compiled
          with
          [
              _OutIt=char *,
              _Size=unsigned __int64,
              _InIt=const wchar_t *,
              _SizeTy=unsigned __int64
          ]
  
  EncryptionUtils.cpp
  PasswordStorage.cpp
C:\Users\Gebruiker\source\repos\SimplePasswordManager\SimplePasswordManager\PasswordStorage.cpp(92,121): warning C4267: 'argument': conversion from 'size_t' to 'int', possible loss of data
C:\Users\Gebruiker\source\repos\SimplePasswordManager\SimplePasswordManager\PasswordStorage.cpp(133,129): warning C4267: 'argument': conversion from 'size_t' to 'int', possible loss of data
  PasswordValidator.cpp
  SimplePasswordManager.cpp
  Generating Code...
  SimplePasswordManager.vcxproj -> C:\Users\Gebruiker\source\repos\SimplePasswordManager\x64\Debug\SimplePasswordManager.exe
